This file contains any messages produced by compilers while
running configure, to aid debugging if configure makes a mistake.

It was created by GLoBES configure 3.2.18, which was
generated by GNU Autoconf 2.71.  Invocation command line was

  $ ./configure

## --------- ##
## Platform. ##
## --------- ##

hostname = salva-Lenovo-Legion-5P-15IMH05
uname -m = x86_64
uname -r = 6.8.0-79-generic
uname -s = Linux
uname -v = #79~22.04.1-Ubuntu SMP PREEMPT_DYNAMIC Fri Aug 15 16:54:53 UTC 2

/usr/bin/uname -p = x86_64
/bin/uname -X     = unknown

/bin/arch              = x86_64
/usr/bin/arch -k       = unknown
/usr/convex/getsysinfo = unknown
/usr/bin/hostinfo      = unknown
/bin/machine           = unknown
/usr/bin/oslevel       = unknown
/bin/universe          = unknown

PATH: /home/linuxbrew/.linuxbrew/bin/
PATH: /home/linuxbrew/.linuxbrew/sbin/
PATH: /home/salva/geant4_workdir/bin/Linux-g++/
PATH: /home/salva/geant4_install/geant4.10.07.p03/build/
PATH: /home/salva/root_v6.30.06.Linux-ubuntu22.04-x86_64-gcc11.4/root/bin/
PATH: /home/salva/anaconda3/bin/
PATH: /home/salva/anaconda3/condabin/
PATH: /home/salva/.local/bin/
PATH: /usr/local/sbin/
PATH: /usr/local/bin/
PATH: /usr/sbin/
PATH: /usr/bin/
PATH: /sbin/
PATH: /bin/
PATH: /usr/games/
PATH: /usr/local/games/
PATH: /snap/bin/
PATH: /snap/bin/
PATH: /home/salva/GENIE/bin/
PATH: /home/salva/GENIE/lib/
PATH: /home/salva/SARAH/SARAH-4.15.3/
PATH: /home/salva/Downloads/app_for_arxiv/


## ----------- ##
## Core tests. ##
## ----------- ##

configure:2573: looking for aux files: config.guess config.sub ltmain.sh compile missing install-sh
configure:2586:  trying ./
configure:2615:   ./config.guess found
configure:2615:   ./config.sub found
configure:2615:   ./ltmain.sh found
configure:2615:   ./compile found
configure:2615:   ./missing found
configure:2597:   ./install-sh found
configure:2749: checking for a BSD-compatible install
configure:2822: result: /usr/bin/install -c
configure:2833: checking whether build environment is sane
configure:2888: result: yes
configure:2923: WARNING: 'missing' script is too old or missing
configure:3047: checking for a race-free mkdir -p
configure:3091: result: /usr/bin/mkdir -p
configure:3098: checking for gawk
configure:3133: result: no
configure:3098: checking for mawk
configure:3119: found /usr/bin/mawk
configure:3130: result: mawk
configure:3141: checking whether make sets $(MAKE)
configure:3164: result: yes
configure:3194: checking whether make supports nested variables
configure:3212: result: yes
configure:3351: checking whether to enable maintainer-specific portions of Makefiles
configure:3361: result: no
configure:3386: checking whether make supports nested variables
configure:3404: result: yes
configure:3498: checking for gcc
configure:3519: found /usr/bin/gcc
configure:3530: result: gcc
configure:3883: checking for C compiler version
configure:3892: gcc --version >&5
gcc (Ubuntu 11.4.0-1ubuntu1~22.04.2) 11.4.0
Copyright (C) 2021 Free Software Foundation, Inc.
This is free software; see the source for copying conditions.  There is NO
warranty; not even for MERCHANTABILITY or FITNESS FOR A PARTICULAR PURPOSE.

configure:3903: $? = 0
configure:3892: gcc -v >&5
Using built-in specs.
COLLECT_GCC=gcc
COLLECT_LTO_WRAPPER=/usr/lib/gcc/x86_64-linux-gnu/11/lto-wrapper
OFFLOAD_TARGET_NAMES=nvptx-none:amdgcn-amdhsa
OFFLOAD_TARGET_DEFAULT=1
Target: x86_64-linux-gnu
Configured with: ../src/configure -v --with-pkgversion='Ubuntu 11.4.0-1ubuntu1~22.04.2' --with-bugurl=file:///usr/share/doc/gcc-11/README.Bugs --enable-languages=c,ada,c++,go,brig,d,fortran,objc,obj-c++,m2 --prefix=/usr --with-gcc-major-version-only --program-suffix=-11 --program-prefix=x86_64-linux-gnu- --enable-shared --enable-linker-build-id --libexecdir=/usr/lib --without-included-gettext --enable-threads=posix --libdir=/usr/lib --enable-nls --enable-bootstrap --enable-clocale=gnu --enable-libstdcxx-debug --enable-libstdcxx-time=yes --with-default-libstdcxx-abi=new --enable-gnu-unique-object --disable-vtable-verify --enable-plugin --enable-default-pie --with-system-zlib --enable-libphobos-checking=release --with-target-system-zlib=auto --enable-objc-gc=auto --enable-multiarch --disable-werror --enable-cet --with-arch-32=i686 --with-abi=m64 --with-multilib-list=m32,m64,mx32 --enable-multilib --with-tune=generic --enable-offload-targets=nvptx-none=/build/gcc-11-2Y5pKs/gcc-11-11.4.0/debian/tmp-nvptx/usr,amdgcn-amdhsa=/build/gcc-11-2Y5pKs/gcc-11-11.4.0/debian/tmp-gcn/usr --without-cuda-driver --enable-checking=release --build=x86_64-linux-gnu --host=x86_64-linux-gnu --target=x86_64-linux-gnu --with-build-config=bootstrap-lto-lean --enable-link-serialization=2
Thread model: posix
Supported LTO compression algorithms: zlib zstd
gcc version 11.4.0 (Ubuntu 11.4.0-1ubuntu1~22.04.2) 
... rest of stderr output deleted ...
configure:3903: $? = 0
configure:3892: gcc -V >&5
gcc: error: unrecognized command-line option '-V'
gcc: fatal error: no input files
compilation terminated.
configure:3903: $? = 1
configure:3892: gcc -qversion >&5
gcc: error: unrecognized command-line option '-qversion'; did you mean '--version'?
gcc: fatal error: no input files
compilation terminated.
configure:3903: $? = 1
configure:3892: gcc -version >&5
gcc: error: unrecognized command-line option '-version'
gcc: fatal error: no input files
compilation terminated.
configure:3903: $? = 1
configure:3923: checking whether the C compiler works
configure:3945: gcc    conftest.c  >&5
configure:3949: $? = 0
configure:3999: result: yes
configure:4002: checking for C compiler default output file name
configure:4004: result: a.out
configure:4010: checking for suffix of executables
configure:4017: gcc -o conftest    conftest.c  >&5
configure:4021: $? = 0
configure:4044: result: 
configure:4066: checking whether we are cross compiling
configure:4074: gcc -o conftest    conftest.c  >&5
configure:4078: $? = 0
configure:4085: ./conftest
configure:4089: $? = 0
configure:4104: result: no
configure:4109: checking for suffix of object files
configure:4132: gcc -c   conftest.c >&5
configure:4136: $? = 0
configure:4158: result: o
configure:4162: checking whether the compiler supports GNU C
configure:4182: gcc -c   conftest.c >&5
configure:4182: $? = 0
configure:4192: result: yes
configure:4203: checking whether gcc accepts -g
configure:4224: gcc -c -g  conftest.c >&5
configure:4224: $? = 0
configure:4268: result: yes
configure:4288: checking for gcc option to enable C11 features
configure:4303: gcc  -c -g -O2  conftest.c >&5
configure:4303: $? = 0
configure:4321: result: none needed
configure:4437: checking whether gcc understands -c and -o together
configure:4460: gcc -c conftest.c -o conftest2.o
configure:4463: $? = 0
configure:4460: gcc -c conftest.c -o conftest2.o
configure:4463: $? = 0
configure:4475: result: yes
configure:4495: checking whether make supports the include directive
configure:4510: make -f confmf.GNU && cat confinc.out
this is the am__doit target
configure:4513: $? = 0
configure:4532: result: yes (GNU style)
configure:4558: checking dependency style of gcc
configure:4670: result: gcc3
configure:4696: checking how to run the C preprocessor
configure:4722: gcc -E  conftest.c
configure:4722: $? = 0
configure:4737: gcc -E  conftest.c
conftest.c:12:10: fatal error: ac_nonexistent.h: No such file or directory
   12 | #include <ac_nonexistent.h>
      |          ^~~~~~~~~~~~~~~~~~
compilation terminated.
configure:4737: $? = 1
configure: failed program was:
| /* confdefs.h */
| #define PACKAGE_NAME "GLoBES"
| #define PACKAGE_TARNAME "globes"
| #define PACKAGE_VERSION "3.2.18"
| #define PACKAGE_STRING "GLoBES 3.2.18"
| #define PACKAGE_BUGREPORT "globes@mpi-hd.mpg.de"
| #define PACKAGE_URL ""
| #define PACKAGE "globes"
| #define VERSION "3.2.18"
| #define GLB_LIBVERSION "11:2:3"
| /* end confdefs.h.  */
| #include <ac_nonexistent.h>
configure:4764: result: gcc -E
configure:4778: gcc -E  conftest.c
configure:4778: $? = 0
configure:4793: gcc -E  conftest.c
conftest.c:12:10: fatal error: ac_nonexistent.h: No such file or directory
   12 | #include <ac_nonexistent.h>
      |          ^~~~~~~~~~~~~~~~~~
compilation terminated.
configure:4793: $? = 1
configure: failed program was:
| /* confdefs.h */
| #define PACKAGE_NAME "GLoBES"
| #define PACKAGE_TARNAME "globes"
| #define PACKAGE_VERSION "3.2.18"
| #define PACKAGE_STRING "GLoBES 3.2.18"
| #define PACKAGE_BUGREPORT "globes@mpi-hd.mpg.de"
| #define PACKAGE_URL ""
| #define PACKAGE "globes"
| #define VERSION "3.2.18"
| #define GLB_LIBVERSION "11:2:3"
| /* end confdefs.h.  */
| #include <ac_nonexistent.h>
configure:4824: checking whether ln -s works
configure:4828: result: yes
configure:4839: checking for bison
configure:4874: result: no
configure:4839: checking for byacc
configure:4874: result: no
configure:4888: checking for flex
configure:4923: result: no
configure:4888: checking for lex
configure:4923: result: no
configure:5196: checking build system type
configure:5211: result: x86_64-unknown-linux-gnu
configure:5231: checking host system type
configure:5245: result: x86_64-unknown-linux-gnu
configure:5286: checking how to print strings
configure:5313: result: printf
configure:5334: checking for a sed that does not truncate output
configure:5404: result: /usr/bin/sed
configure:5422: checking for grep that handles long lines and -e
configure:5486: result: /usr/bin/grep
configure:5491: checking for egrep
configure:5559: result: /usr/bin/grep -E
configure:5564: checking for fgrep
configure:5632: result: /usr/bin/grep -F
configure:5668: checking for ld used by gcc
configure:5736: result: /usr/bin/ld
configure:5743: checking if the linker (/usr/bin/ld) is GNU ld
configure:5759: result: yes
configure:5771: checking for BSD- or MS-compatible name lister (nm)
configure:5826: result: /usr/bin/nm -B
configure:5966: checking the name lister (/usr/bin/nm -B) interface
configure:5974: gcc -c -g -O2  conftest.c >&5
configure:5977: /usr/bin/nm -B "conftest.o"
configure:5980: output
0000000000000000 B some_variable
configure:5987: result: BSD nm
configure:5991: checking the maximum length of command line arguments
configure:6123: result: 1572864
configure:6171: checking how to convert x86_64-unknown-linux-gnu file names to x86_64-unknown-linux-gnu format
configure:6212: result: func_convert_file_noop
configure:6219: checking how to convert x86_64-unknown-linux-gnu file names to toolchain format
configure:6240: result: func_convert_file_noop
configure:6247: checking for /usr/bin/ld option to reload object files
configure:6255: result: -r
configure:6334: checking for file
configure:6355: found /usr/bin/file
configure:6366: result: file
configure:6442: checking for objdump
configure:6463: found /usr/bin/objdump
configure:6474: result: objdump
configure:6506: checking how to recognize dependent libraries
configure:6707: result: pass_all
configure:6797: checking for dlltool
configure:6832: result: no
configure:6862: checking how to associate runtime and link libraries
configure:6890: result: printf %s\n
configure:6955: checking for ar
configure:6976: found /usr/bin/ar
configure:6987: result: ar
configure:7040: checking for archiver @FILE support
configure:7058: gcc -c -g -O2  conftest.c >&5
configure:7058: $? = 0
configure:7062: ar cr libconftest.a @conftest.lst >&5
configure:7065: $? = 0
configure:7070: ar cr libconftest.a @conftest.lst >&5
ar: conftest.o: No such file or directory
configure:7073: $? = 1
configure:7085: result: @
configure:7148: checking for strip
configure:7169: found /usr/bin/strip
configure:7180: result: strip
configure:7257: checking for ranlib
configure:7278: found /usr/bin/ranlib
configure:7289: result: ranlib
configure:7391: checking command to parse /usr/bin/nm -B output from gcc object
configure:7545: gcc -c -g -O2  conftest.c >&5
configure:7548: $? = 0
configure:7552: /usr/bin/nm -B conftest.o \| /usr/bin/sed -n -e 's/^.*[ ]\([ABCDGIRSTW][ABCDGIRSTW]*\)[ ][ ]*\([_A-Za-z][_A-Za-z0-9]*\)$/\1 \2 \2/p' | /usr/bin/sed '/ __gnu_lto/d' \> conftest.nm
configure:7555: $? = 0
configure:7621: gcc -o conftest -g -O2   conftest.c conftstm.o >&5
configure:7624: $? = 0
configure:7662: result: ok
configure:7709: checking for sysroot
configure:7740: result: no
configure:7747: checking for a working dd
configure:7791: result: /usr/bin/dd
configure:7795: checking how to truncate binary pipes
configure:7811: result: /usr/bin/dd bs=4096 count=1
configure:7948: gcc -c -g -O2  conftest.c >&5
configure:7951: $? = 0
configure:8148: checking for mt
configure:8169: found /usr/bin/mt
configure:8180: result: mt
configure:8203: checking if mt is a manifest tool
configure:8210: mt '-?'
configure:8218: result: no
configure:8943: checking for stdio.h
configure:8943: gcc -c -g -O2  conftest.c >&5
configure:8943: $? = 0
configure:8943: result: yes
configure:8943: checking for stdlib.h
configure:8943: gcc -c -g -O2  conftest.c >&5
configure:8943: $? = 0
configure:8943: result: yes
configure:8943: checking for string.h
configure:8943: gcc -c -g -O2  conftest.c >&5
configure:8943: $? = 0
configure:8943: result: yes
configure:8943: checking for inttypes.h
configure:8943: gcc -c -g -O2  conftest.c >&5
configure:8943: $? = 0
configure:8943: result: yes
configure:8943: checking for stdint.h
configure:8943: gcc -c -g -O2  conftest.c >&5
configure:8943: $? = 0
configure:8943: result: yes
configure:8943: checking for strings.h
configure:8943: gcc -c -g -O2  conftest.c >&5
configure:8943: $? = 0
configure:8943: result: yes
configure:8943: checking for sys/stat.h
configure:8943: gcc -c -g -O2  conftest.c >&5
configure:8943: $? = 0
configure:8943: result: yes
configure:8943: checking for sys/types.h
configure:8943: gcc -c -g -O2  conftest.c >&5
configure:8943: $? = 0
configure:8943: result: yes
configure:8943: checking for unistd.h
configure:8943: gcc -c -g -O2  conftest.c >&5
configure:8943: $? = 0
configure:8943: result: yes
configure:8968: checking for dlfcn.h
configure:8968: gcc -c -g -O2  conftest.c >&5
configure:8968: $? = 0
configure:8968: result: yes
configure:9227: checking for objdir
configure:9243: result: .libs
configure:9507: checking if gcc supports -fno-rtti -fno-exceptions
configure:9526: gcc -c -g -O2  -fno-rtti -fno-exceptions conftest.c >&5
cc1: warning: command-line option '-fno-rtti' is valid for C++/D/ObjC++ but not for C
configure:9530: $? = 0
configure:9543: result: no
configure:9901: checking for gcc option to produce PIC
configure:9909: result: -fPIC -DPIC
configure:9917: checking if gcc PIC flag -fPIC -DPIC works
configure:9936: gcc -c -g -O2  -fPIC -DPIC -DPIC conftest.c >&5
configure:9940: $? = 0
configure:9953: result: yes
configure:9982: checking if gcc static flag -static works
configure:10011: result: yes
configure:10026: checking if gcc supports -c -o file.o
configure:10048: gcc -c -g -O2  -o out/conftest2.o conftest.c >&5
configure:10052: $? = 0
configure:10074: result: yes
configure:10082: checking if gcc supports -c -o file.o
configure:10130: result: yes
configure:10163: checking whether the gcc linker (/usr/bin/ld -m elf_x86_64) supports shared libraries
configure:11431: result: yes
configure:11468: checking whether -lc should be explicitly linked in
configure:11477: gcc -c -g -O2  conftest.c >&5
configure:11480: $? = 0
configure:11495: gcc -shared  -fPIC -DPIC conftest.o  -v -Wl,-soname -Wl,conftest -o conftest 2\>\&1 \| /usr/bin/grep  -lc  \>/dev/null 2\>\&1
configure:11498: $? = 0
configure:11512: result: no
configure:11672: checking dynamic linker characteristics
configure:12254: gcc -o conftest -g -O2   -Wl,-rpath -Wl,/foo conftest.c  >&5
configure:12254: $? = 0
configure:12493: result: GNU/Linux ld.so
configure:12615: checking how to hardcode library paths into programs
configure:12640: result: immediate
configure:13192: checking whether stripping libraries is possible
configure:13201: result: yes
configure:13243: checking if libtool supports shared libraries
configure:13245: result: yes
configure:13248: checking whether to build shared libraries
configure:13273: result: yes
configure:13276: checking whether to build static libraries
configure:13280: result: yes
configure:13319: checking for inttypes.h
configure:13337: gcc -c -g -O2  conftest.c >&5
configure:13337: $? = 0
configure:13345: result: yes
configure:13354: checking for stdint.h
configure:13372: gcc -c -g -O2  conftest.c >&5
configure:13372: $? = 0
configure:13380: result: yes
configure:13389: checking for unsigned long long
configure:13407: gcc -o conftest -g -O2   conftest.c  >&5
configure:13407: $? = 0
configure:13416: result: yes
configure:13454: checking for obstacks
configure:13476: gcc -o conftest -g -O2   conftest.c  >&5
configure:13476: $? = 0
configure:13485: result: yes
configure:13515: checking for swig
configure:13538: found /usr/bin/swig
configure:13550: result: /usr/bin/swig
configure:13813: checking for main in -lm
configure:13833: gcc -o conftest -g -O2   conftest.c -lm   >&5
configure:13833: $? = 0
configure:13843: result: yes
configure:13895: checking for gsl-config
configure:13918: found /usr/local/bin/gsl-config
configure:13931: result: /usr/local/bin/gsl-config
configure:13940: checking for GSL - version >= 0.2.5
configure:14041: gcc -o conftest -g -O2 -I/usr/local/include   conftest.c -lm  -L/usr/local/lib -lgsl -lgslcblas -lm >&5
conftest.c: In function 'main':
conftest.c:59:3: warning: ignoring return value of 'system' declared with attribute 'warn_unused_result' [-Wunused-result]
   59 |   system ("touch conf.gsltest");
      |   ^~~~~~~~~~~~~~~~~~~~~~~~~~~~~
configure:14041: $? = 0
configure:14041: ./conftest
configure:14041: $? = 0
configure:14056: result: yes
configure:14147: checking for gsl/gsl_math.h
configure:14147: gcc -c -I/usr/local/include -g -O2 -I/usr/local/include  conftest.c >&5
configure:14147: $? = 0
configure:14147: result: yes
configure:14147: checking for gsl/gsl_sf_erf.h
configure:14147: gcc -c -I/usr/local/include -g -O2 -I/usr/local/include  conftest.c >&5
configure:14147: $? = 0
configure:14147: result: yes
configure:14147: checking for gsl/gsl_errno.h
configure:14147: gcc -c -I/usr/local/include -g -O2 -I/usr/local/include  conftest.c >&5
configure:14147: $? = 0
configure:14147: result: yes
configure:14166: checking for egrep
configure:14234: result: /usr/bin/grep -E
configure:14241: checking for an ANSI C-conforming const
configure:14308: gcc -c -g -O2  conftest.c >&5
configure:14308: $? = 0
configure:14316: result: yes
configure:14324: checking for size_t
configure:14324: gcc -c -g -O2  conftest.c >&5
configure:14324: $? = 0
configure:14324: gcc -c -g -O2  conftest.c >&5
conftest.c: In function 'main':
conftest.c:64:21: error: expected expression before ')' token
   64 | if (sizeof ((size_t)))
      |                     ^
configure:14324: $? = 1
configure: failed program was:
| /* confdefs.h */
| #define PACKAGE_NAME "GLoBES"
| #define PACKAGE_TARNAME "globes"
| #define PACKAGE_VERSION "3.2.18"
| #define PACKAGE_STRING "GLoBES 3.2.18"
| #define PACKAGE_BUGREPORT "globes@mpi-hd.mpg.de"
| #define PACKAGE_URL ""
| #define PACKAGE "globes"
| #define VERSION "3.2.18"
| #define GLB_LIBVERSION "11:2:3"
| #define HAVE_STDIO_H 1
| #define HAVE_STDLIB_H 1
| #define HAVE_STRING_H 1
| #define HAVE_INTTYPES_H 1
| #define HAVE_STDINT_H 1
| #define HAVE_STRINGS_H 1
| #define HAVE_SYS_STAT_H 1
| #define HAVE_SYS_TYPES_H 1
| #define HAVE_UNISTD_H 1
| #define STDC_HEADERS 1
| #define HAVE_DLFCN_H 1
| #define LT_OBJDIR ".libs/"
| #define HAVE_INTTYPES_H_WITH_UINTMAX 1
| #define HAVE_STDINT_H_WITH_UINTMAX 1
| #define HAVE_UNSIGNED_LONG_LONG 1
| #define HAVE_UINTMAX_T 1
| #define HAVE_OBSTACK 1
| #define HAVE_LIBM 1
| #define HAVE_GSL_GSL_MATH_H 1
| #define HAVE_GSL_GSL_SF_ERF_H 1
| #define HAVE_GSL_GSL_ERRNO_H 1
| /* end confdefs.h.  */
| #include <stddef.h>
| #ifdef HAVE_STDIO_H
| # include <stdio.h>
| #endif
| #ifdef HAVE_STDLIB_H
| # include <stdlib.h>
| #endif
| #ifdef HAVE_STRING_H
| # include <string.h>
| #endif
| #ifdef HAVE_INTTYPES_H
| # include <inttypes.h>
| #endif
| #ifdef HAVE_STDINT_H
| # include <stdint.h>
| #endif
| #ifdef HAVE_STRINGS_H
| # include <strings.h>
| #endif
| #ifdef HAVE_SYS_TYPES_H
| # include <sys/types.h>
| #endif
| #ifdef HAVE_SYS_STAT_H
| # include <sys/stat.h>
| #endif
| #ifdef HAVE_UNISTD_H
| # include <unistd.h>
| #endif
| int
| main (void)
| {
| if (sizeof ((size_t)))
| 	    return 0;
|   ;
|   return 0;
| }
configure:14324: result: yes
configure:14335: checking for strdup
configure:14335: gcc -o conftest -g -O2   conftest.c -L/usr/local/lib -lgsl -lgslcblas -lm -lm  >&5
conftest.c:49:6: warning: conflicting types for built-in function 'strdup'; expected 'char *(const char *)' [-Wbuiltin-declaration-mismatch]
   49 | char strdup ();
      |      ^~~~~~
configure:14335: $? = 0
configure:14335: result: yes
configure:14341: checking for mkstemp
configure:14341: gcc -o conftest -g -O2   conftest.c -L/usr/local/lib -lgsl -lgslcblas -lm -lm  >&5
configure:14341: $? = 0
configure:14341: result: yes
configure:14347: checking for tempnam
configure:14347: gcc -o conftest -g -O2   conftest.c -L/usr/local/lib -lgsl -lgslcblas -lm -lm  >&5
/usr/bin/ld: /tmp/ccc59oqY.o: in function `main':
/home/salva/Desktop/work/GLoBES-EFT-main/conftest.c:62: warning: the use of `tempnam' is dangerous, better use `mkstemp'
configure:14347: $? = 0
configure:14347: result: yes
configure:14356: checking for working alloca.h
configure:14374: gcc -o conftest -g -O2   conftest.c -L/usr/local/lib -lgsl -lgslcblas -lm -lm  >&5
configure:14374: $? = 0
configure:14383: result: yes
configure:14391: checking for alloca
configure:14436: result: yes
configure:14854: checking that generated files are newer than configure
configure:14860: result: done
configure:14899: creating ./config.status

## ---------------------- ##
## Running config.status. ##
## ---------------------- ##

This file was extended by GLoBES config.status 3.2.18, which was
generated by GNU Autoconf 2.71.  Invocation command line was

  CONFIG_FILES    = 
  CONFIG_HEADERS  = 
  CONFIG_LINKS    = 
  CONFIG_COMMANDS = 
  $ ./config.status 

on salva-Lenovo-Legion-5P-15IMH05

config.status:1152: creating globes.spec
config.status:1152: creating Makefile
config.status:1152: creating globes/Makefile
config.status:1152: creating globes/example.pl
config.status:1152: creating source/Makefile
config.status:1152: creating examples/Makefile
config.status:1152: creating data/Makefile
config.status:1152: creating globes-config
config.status:1152: creating doc/Makefile
config.status:1152: creating lib/Makefile
config.status:1152: creating config.h
config.status:1333: config.h is unchanged
config.status:1381: executing depfiles commands
config.status:1458: cd globes       && sed -e '/# am--include-marker/d' Makefile         | make -f - am--depfiles
make: Nothing to be done for 'am--depfiles'.
config.status:1463: $? = 0
config.status:1458: cd source       && sed -e '/# am--include-marker/d' Makefile         | make -f - am--depfiles
make: Nothing to be done for 'am--depfiles'.
config.status:1463: $? = 0
config.status:1381: executing libtool commands

## ---------------- ##
## Cache variables. ##
## ---------------- ##

ac_cv_build=x86_64-unknown-linux-gnu
ac_cv_c_compiler_gnu=yes
ac_cv_c_const=yes
ac_cv_env_CC_set=
ac_cv_env_CC_value=
ac_cv_env_CFLAGS_set=
ac_cv_env_CFLAGS_value=
ac_cv_env_CPPFLAGS_set=
ac_cv_env_CPPFLAGS_value=
ac_cv_env_CPP_set=
ac_cv_env_CPP_value=
ac_cv_env_LDFLAGS_set=
ac_cv_env_LDFLAGS_value=
ac_cv_env_LIBS_set=
ac_cv_env_LIBS_value=
ac_cv_env_LT_SYS_LIBRARY_PATH_set=
ac_cv_env_LT_SYS_LIBRARY_PATH_value=
ac_cv_env_YACC_set=
ac_cv_env_YACC_value=
ac_cv_env_YFLAGS_set=
ac_cv_env_YFLAGS_value=
ac_cv_env_build_alias_set=
ac_cv_env_build_alias_value=
ac_cv_env_host_alias_set=
ac_cv_env_host_alias_value=
ac_cv_env_target_alias_set=
ac_cv_env_target_alias_value=
ac_cv_func_alloca_works=yes
ac_cv_func_mkstemp=yes
ac_cv_func_obstack=yes
ac_cv_func_strdup=yes
ac_cv_func_tempnam=yes
ac_cv_header_dlfcn_h=yes
ac_cv_header_gsl_gsl_errno_h=yes
ac_cv_header_gsl_gsl_math_h=yes
ac_cv_header_gsl_gsl_sf_erf_h=yes
ac_cv_header_inttypes_h=yes
ac_cv_header_stdint_h=yes
ac_cv_header_stdio_h=yes
ac_cv_header_stdlib_h=yes
ac_cv_header_string_h=yes
ac_cv_header_strings_h=yes
ac_cv_header_sys_stat_h=yes
ac_cv_header_sys_types_h=yes
ac_cv_header_unistd_h=yes
ac_cv_host=x86_64-unknown-linux-gnu
ac_cv_lib_m_main=yes
ac_cv_objext=o
ac_cv_path_EGREP='/usr/bin/grep -E'
ac_cv_path_FGREP='/usr/bin/grep -F'
ac_cv_path_GREP=/usr/bin/grep
ac_cv_path_GSL_CONFIG=/usr/local/bin/gsl-config
ac_cv_path_SED=/usr/bin/sed
ac_cv_path_SWIG=/usr/bin/swig
ac_cv_path_install='/usr/bin/install -c'
ac_cv_path_lt_DD=/usr/bin/dd
ac_cv_path_mkdir=/usr/bin/mkdir
ac_cv_prog_AWK=mawk
ac_cv_prog_CPP='gcc -E'
ac_cv_prog_ac_ct_AR=ar
ac_cv_prog_ac_ct_CC=gcc
ac_cv_prog_ac_ct_FILECMD=file
ac_cv_prog_ac_ct_MANIFEST_TOOL=mt
ac_cv_prog_ac_ct_OBJDUMP=objdump
ac_cv_prog_ac_ct_RANLIB=ranlib
ac_cv_prog_ac_ct_STRIP=strip
ac_cv_prog_cc_c11=
ac_cv_prog_cc_g=yes
ac_cv_prog_cc_stdc=
ac_cv_prog_make_make_set=yes
ac_cv_type_size_t=yes
ac_cv_type_unsigned_long_long=yes
ac_cv_working_alloca_h=yes
am_cv_CC_dependencies_compiler_type=gcc3
am_cv_make_support_nested_variables=yes
am_cv_prog_cc_c_o=yes
gl_cv_header_inttypes_h=yes
gl_cv_header_stdint_h=yes
lt_cv_ar_at_file=@
lt_cv_archive_cmds_need_lc=no
lt_cv_deplibs_check_method=pass_all
lt_cv_file_magic_cmd='$MAGIC_CMD'
lt_cv_file_magic_test_file=
lt_cv_ld_reload_flag=-r
lt_cv_nm_interface='BSD nm'
lt_cv_objdir=.libs
lt_cv_path_LD=/usr/bin/ld
lt_cv_path_NM='/usr/bin/nm -B'
lt_cv_path_mainfest_tool=no
lt_cv_prog_compiler_c_o=yes
lt_cv_prog_compiler_pic='-fPIC -DPIC'
lt_cv_prog_compiler_pic_works=yes
lt_cv_prog_compiler_rtti_exceptions=no
lt_cv_prog_compiler_static_works=yes
lt_cv_prog_gnu_ld=yes
lt_cv_sharedlib_from_linklib_cmd='printf %s\n'
lt_cv_shlibpath_overrides_runpath=yes
lt_cv_sys_global_symbol_pipe='/usr/bin/sed -n -e '\''s/^.*[	 ]\([ABCDGIRSTW][ABCDGIRSTW]*\)[	 ][	 ]*\([_A-Za-z][_A-Za-z0-9]*\)$/\1 \2 \2/p'\'' | /usr/bin/sed '\''/ __gnu_lto/d'\'''
lt_cv_sys_global_symbol_to_c_name_address='/usr/bin/sed -n -e '\''s/^: \(.*\) .*$/  {"\1", (void *) 0},/p'\'' -e '\''s/^[ABCDGIRSTW][ABCDGIRSTW]* .* \(.*\)$/  {"\1", (void *) \&\1},/p'\'''
lt_cv_sys_global_symbol_to_c_name_address_lib_prefix='/usr/bin/sed -n -e '\''s/^: \(.*\) .*$/  {"\1", (void *) 0},/p'\'' -e '\''s/^[ABCDGIRSTW][ABCDGIRSTW]* .* \(lib.*\)$/  {"\1", (void *) \&\1},/p'\'' -e '\''s/^[ABCDGIRSTW][ABCDGIRSTW]* .* \(.*\)$/  {"lib\1", (void *) \&\1},/p'\'''
lt_cv_sys_global_symbol_to_cdecl='/usr/bin/sed -n -e '\''s/^T .* \(.*\)$/extern int \1();/p'\'' -e '\''s/^[ABCDGIRSTW][ABCDGIRSTW]* .* \(.*\)$/extern char \1;/p'\'''
lt_cv_sys_global_symbol_to_import=
lt_cv_sys_max_cmd_len=1572864
lt_cv_to_host_file_cmd=func_convert_file_noop
lt_cv_to_tool_file_cmd=func_convert_file_noop
lt_cv_truncate_bin='/usr/bin/dd bs=4096 count=1'

## ----------------- ##
## Output variables. ##
## ----------------- ##

ACLOCAL='aclocal-1.16'
ALLOCA=''
AMDEPBACKSLASH='\'
AMDEP_FALSE='#'
AMDEP_TRUE=''
AMTAR='$${TAR-tar}'
AM_BACKSLASH='\'
AM_DEFAULT_V='$(AM_DEFAULT_VERBOSITY)'
AM_DEFAULT_VERBOSITY='0'
AM_V='$(V)'
AR='ar'
AUTOCONF='autoconf'
AUTOHEADER='autoheader'
AUTOMAKE='automake-1.16'
AWK='mawk'
CC='gcc'
CCDEPMODE='depmode=gcc3'
CFLAGS='-g -O2'
CPP='gcc -E'
CPPFLAGS=''
CSCOPE='cscope'
CTAGS='ctags'
CYGPATH_W='echo'
DEFS='-DHAVE_CONFIG_H'
DEPDIR='.deps'
DLLTOOL='false'
DSYMUTIL=''
DUMPBIN=''
ECHO_C=''
ECHO_N='-n'
ECHO_T=''
EGREP='/usr/bin/grep -E'
ENABLE_BINARY_FALSE='#'
ENABLE_BINARY_TRUE=''
ETAGS='etags'
EXEEXT=''
FGREP='/usr/bin/grep -F'
FILECMD='file'
GLBLIBVERSION='11:2:3'
GREP='/usr/bin/grep'
GSLINC='-I/usr/local/include'
GSL_CFLAGS='-I/usr/local/include'
GSL_CONFIG='/usr/local/bin/gsl-config'
GSL_LIBS='-L/usr/local/lib -lgsl -lgslcblas -lm'
INSTALL_DATA='${INSTALL} -m 644'
INSTALL_PROGRAM='${INSTALL}'
INSTALL_SCRIPT='${INSTALL}'
INSTALL_STRIP_PROGRAM='$(install_sh) -c -s'
LD='/usr/bin/ld -m elf_x86_64'
LDFLAGS=''
LEX=':'
LEXLIB=''
LEX_OUTPUT_ROOT=''
LIBOBJS=' ${LIBOBJDIR}exitfail$U.o'
LIBS='-L/usr/local/lib -lgsl -lgslcblas -lm -lm '
LIBTOOL='$(SHELL) $(top_builddir)/libtool'
LIPO=''
LN_S='ln -s'
LTALLOCA=''
LTLIBOBJS=' ${LIBOBJDIR}exitfail$U.lo'
LT_SYS_LIBRARY_PATH=''
MAINT='#'
MAINTAINER_MODE_FALSE=''
MAINTAINER_MODE_TRUE='#'
MAKEINFO='makeinfo'
MAKE_RPMS_FALSE=''
MAKE_RPMS_TRUE='#'
MANIFEST_TOOL=':'
MKDIR_P='/usr/bin/mkdir -p'
NM='/usr/bin/nm -B'
NMEDIT=''
OBJDUMP='objdump'
OBJEXT='o'
OTOOL64=''
OTOOL=''
PACKAGE='globes'
PACKAGE_BUGREPORT='globes@mpi-hd.mpg.de'
PACKAGE_NAME='GLoBES'
PACKAGE_STRING='GLoBES 3.2.18'
PACKAGE_TARNAME='globes'
PACKAGE_URL=''
PACKAGE_VERSION='3.2.18'
PATH_SEPARATOR=':'
PERL_FALSE=''
PERL_TRUE='#'
RANLIB='ranlib'
RPM_ARCHS='x86_64'
RPM_ARGS=''
RPM_BUILD_DIR=''
RPM_CLEAN_NAMES=''
RPM_CONFIGURE_ARGS=''
RPM_DIR=''
RPM_PROG=''
RPM_RELEASE='0'
RPM_SOURCE_DIR=''
RPM_SRC_DIR=''
RPM_SRPM_NAME=''
RPM_TARBALL=''
RPM_TARGET=''
RPM_VERSION=''
SED='/usr/bin/sed'
SET_MAKE=''
SHELL='/bin/bash'
STRIP='strip'
SWIG='/usr/bin/swig'
SWIG_LIB=''
VERSION='3.2.18'
YACC='yacc'
YFLAGS=''
ac_ct_AR='ar'
ac_ct_CC='gcc'
ac_ct_DUMPBIN=''
am__EXEEXT_FALSE=''
am__EXEEXT_TRUE='#'
am__fastdepCC_FALSE='#'
am__fastdepCC_TRUE=''
am__include='include'
am__isrc=''
am__leading_dot='.'
am__nodep='_no'
am__quote=''
am__tar='$${TAR-tar} chof - "$$tardir"'
am__untar='$${TAR-tar} xf -'
bindir='${exec_prefix}/bin'
build='x86_64-unknown-linux-gnu'
build_alias=''
build_cpu='x86_64'
build_os='linux-gnu'
build_vendor='unknown'
datadir='${datarootdir}'
datarootdir='${prefix}/share'
docdir='${datarootdir}/doc/${PACKAGE_TARNAME}'
dvidir='${docdir}'
exec_prefix='${prefix}'
hardcode_libdir_flag_spec='$wl-rpath $wl$libdir'
host='x86_64-unknown-linux-gnu'
host_alias=''
host_cpu='x86_64'
host_os='linux-gnu'
host_vendor='unknown'
htmldir='${docdir}'
includedir='${prefix}/include'
infodir='${datarootdir}/info'
install_sh='${SHELL} /home/salva/Desktop/work/GLoBES-EFT-main/install-sh'
libdir='${exec_prefix}/lib'
libexecdir='${exec_prefix}/libexec'
localedir='${datarootdir}/locale'
localstatedir='${prefix}/var'
mandir='${datarootdir}/man'
mkdir_p='$(MKDIR_P)'
oldincludedir='/usr/include'
pdfdir='${docdir}'
perl=''
perl_cflags=''
perl_includes=''
perl_installdir=''
prefix='/usr/local'
program_transform_name='s,x,x,'
psdir='${docdir}'
really_build_perl='no'
runstatedir='${localstatedir}/run'
sbindir='${exec_prefix}/sbin'
sharedstatedir='${prefix}/com'
shrext_cmds='.so'
sysconfdir='${prefix}/etc'
target_alias=''
wl='-Wl,'

## ----------- ##
## confdefs.h. ##
## ----------- ##

/* confdefs.h */
#define PACKAGE_NAME "GLoBES"
#define PACKAGE_TARNAME "globes"
#define PACKAGE_VERSION "3.2.18"
#define PACKAGE_STRING "GLoBES 3.2.18"
#define PACKAGE_BUGREPORT "globes@mpi-hd.mpg.de"
#define PACKAGE_URL ""
#define PACKAGE "globes"
#define VERSION "3.2.18"
#define GLB_LIBVERSION "11:2:3"
#define HAVE_STDIO_H 1
#define HAVE_STDLIB_H 1
#define HAVE_STRING_H 1
#define HAVE_INTTYPES_H 1
#define HAVE_STDINT_H 1
#define HAVE_STRINGS_H 1
#define HAVE_SYS_STAT_H 1
#define HAVE_SYS_TYPES_H 1
#define HAVE_UNISTD_H 1
#define STDC_HEADERS 1
#define HAVE_DLFCN_H 1
#define LT_OBJDIR ".libs/"
#define HAVE_INTTYPES_H_WITH_UINTMAX 1
#define HAVE_STDINT_H_WITH_UINTMAX 1
#define HAVE_UNSIGNED_LONG_LONG 1
#define HAVE_UINTMAX_T 1
#define HAVE_OBSTACK 1
#define HAVE_LIBM 1
#define HAVE_GSL_GSL_MATH_H 1
#define HAVE_GSL_GSL_SF_ERF_H 1
#define HAVE_GSL_GSL_ERRNO_H 1
#define HAVE_STRDUP 1
#define HAVE_MKSTEMP 1
#define HAVE_TEMPNAM 1
#define HAVE_ALLOCA_H 1
#define HAVE_ALLOCA 1

configure: exit 0
